<?xml version="1.0" encoding="UTF-8" standalone="no"?>
<!DOCTYPE log SYSTEM "logger.dtd">
<log>
<record>
  <date>2026-05-20T11:48:51.837-0300</date>
  <logger>LUCAS PAULINO FAUSTO</logger>
  <level>FINE</level>
  <message>File 20250019160-LUCAS PAULINO FAUSTO.zip was received. It was sent by LUCAS PAULINO FAUSTO from IP 150.165.74.38 at 20-05-2026 11*48*51</message>
</record>
</log>
<?xml version="1.0" encoding="UTF-8" standalone="no"?>
<!DOCTYPE log SYSTEM "logger.dtd">
<log>
<record>
  <date>2026-05-20T20:03:30.295-0300</date>
  <logger>LUCAS PAULINO FAUSTO</logger>
  <level>FINE</level>
  <message>File 20250019160-LUCAS PAULINO FAUSTO.zip was received. It was sent by LUCAS PAULINO FAUSTO from IP 192.168.0.13 at 20-05-2026 20*03*30</message>
</record>
</log>
<?xml version="1.0" encoding="UTF-8" standalone="no"?>
<!DOCTYPE log SYSTEM "logger.dtd">
<log>
<record>
  <date>2026-05-21T01:00:50.450-0300</date>
  <logger>LUCAS PAULINO FAUSTO</logger>
  <level>FINE</level>
  <message>File 20250019160-LUCAS PAULINO FAUSTO.zip was received. It was sent by LUCAS PAULINO FAUSTO from IP 192.168.0.13 at 21-05-2026 01*00*50</message>
</record>
